<?xml version="1.0" encoding="UTF-8"?>
<testsuite xmlns:xsi="http://www.w3.org/2001/XMLSchema-instance" xsi:noNamespaceSchemaLocation="https://maven.apache.org/surefire/maven-surefire-plugin/xsd/surefire-test-report-3.0.xsd" version="3.0" name="org.llin.twelvequotes.test.ResourceTest" time="0.029" tests="1" errors="0" skipped="0" failures="0">
  <properties>
[...]
</properties>
  <testcase name="yourTest" classname="org.llin.twelvequotes.test.ResourceTest" time="0.002">
    <system-out><![CDATA[Quotes Per Page: 0
Tabs Per Line: 0
]]></system-out>
  </testcase>
</testsuite>